2016-10-03 12:05:10,092 [Worker-8] INFO  o.e.m.c.i.p.ProjectConfigurationManager - Collecting project info '/pom.xml' D:\DentistCabinetManagementTool\Git\DentalClinicManagementTool\app\pom.xml
2016-10-03 12:05:14,099 [Worker-8] INFO  o.e.m.c.i.l.LifecycleMappingFactory - Using org.maven.ide.eclipse.wtp.WarLifecycleMapping lifecycle mapping for MavenProject: ro.dcmt:app:0.0.1-SNAPSHOT @ D:\DentistCabinetManagementTool\Git\DentalClinicManagementTool\app\pom.xml.
2016-10-03 12:05:15,476 [Worker-8] INFO  o.e.m.j.i.AbstractJavaProjectConfigurator - Adding source folder /app/src/main/java
2016-10-03 12:05:15,477 [Worker-8] INFO  o.e.m.j.i.AbstractJavaProjectConfigurator - Adding resource folder /app/src/main/resources
2016-10-03 12:05:15,477 [Worker-8] INFO  o.e.m.j.i.AbstractJavaProjectConfigurator - Adding source folder /app/src/test/java
2016-10-03 12:05:17,979 [Worker-8] INFO  o.e.m.c.i.p.ProjectConfigurationManager - Imported and configured 1 project(s) in 7 sec
2016-10-03 12:05:18,725 [Worker-12] WARN  o.e.m.c.i.embedder.EclipseLogger - Using platform encoding (Cp1252 actually) to copy filtered resources, i.e. build is platform dependent!
2016-10-03 12:05:18,752 [Worker-12] INFO  o.e.m.c.i.embedder.EclipseLogger - Copying 0 resource
2016-10-03 12:05:18,754 [Worker-12] WARN  o.e.m.c.i.embedder.EclipseLogger - Using platform encoding (Cp1252 actually) to copy filtered resources, i.e. build is platform dependent!
2016-10-03 12:05:18,758 [Worker-12] INFO  o.e.m.c.i.embedder.EclipseLogger - skip non existing resourceDirectory D:\DentistCabinetManagementTool\Git\DentalClinicManagementTool\app\src\test\resources
2016-10-03 12:07:03,965 [Worker-21] INFO  o.e.m.c.i.l.LifecycleMappingFactory - Using org.maven.ide.eclipse.wtp.WarLifecycleMapping lifecycle mapping for MavenProject: ro.dcmt:app:0.0.1-SNAPSHOT @ D:\DentistCabinetManagementTool\Git\DentalClinicManagementTool\app\pom.xml.
2016-10-03 12:07:04,507 [Worker-21] WARN  o.e.m.c.i.embedder.EclipseLogger - Using platform encoding (Cp1252 actually) to copy filtered resources, i.e. build is platform dependent!
2016-10-03 12:07:04,515 [Worker-21] INFO  o.e.m.c.i.embedder.EclipseLogger - Copying 0 resource
2016-10-03 12:07:04,517 [Worker-21] WARN  o.e.m.c.i.embedder.EclipseLogger - Using platform encoding (Cp1252 actually) to copy filtered resources, i.e. build is platform dependent!
2016-10-03 12:07:04,523 [Worker-21] INFO  o.e.m.c.i.embedder.EclipseLogger - skip non existing resourceDirectory D:\DentistCabinetManagementTool\Git\DentalClinicManagementTool\app\src\test\resources
2016-10-03 12:07:04,523 [Worker-21] INFO  o.e.m.w.i.f.ResourceFilteringBuildParticipant - Changed resources require a complete clean of filtered resources of app
2016-10-03 12:07:04,524 [Worker-21] INFO  o.e.m.w.i.f.ResourceFilteringBuildParticipant - Executing resource filtering for app
2016-10-03 12:07:04,529 [Worker-21] WARN  o.e.m.c.i.embedder.EclipseLogger - Using platform encoding (Cp1252 actually) to copy filtered resources, i.e. build is platform dependent!
2016-10-03 12:07:05,659 [Worker-12] WARN  o.e.m.c.i.embedder.EclipseLogger - Using platform encoding (Cp1252 actually) to copy filtered resources, i.e. build is platform dependent!
2016-10-03 12:07:05,663 [Worker-12] INFO  o.e.m.c.i.embedder.EclipseLogger - Copying 0 resource
2016-10-03 12:07:05,664 [Worker-12] WARN  o.e.m.c.i.embedder.EclipseLogger - Using platform encoding (Cp1252 actually) to copy filtered resources, i.e. build is platform dependent!
2016-10-03 12:07:05,668 [Worker-12] INFO  o.e.m.c.i.embedder.EclipseLogger - skip non existing resourceDirectory D:\DentistCabinetManagementTool\Git\DentalClinicManagementTool\app\src\test\resources
2016-10-03 12:07:12,923 [Worker-22] INFO  o.e.m.c.i.l.LifecycleMappingFactory - Using org.maven.ide.eclipse.wtp.WarLifecycleMapping lifecycle mapping for MavenProject: ro.dcmt:app:0.0.1-SNAPSHOT @ D:\DentistCabinetManagementTool\Git\DentalClinicManagementTool\app\pom.xml.
2016-10-03 12:07:13,187 [Worker-22] INFO  o.e.m.w.i.f.ResourceFilteringBuildParticipant - Changed resources require a complete clean of filtered resources of app
2016-10-03 12:07:13,187 [Worker-22] INFO  o.e.m.w.i.f.ResourceFilteringBuildParticipant - Executing resource filtering for app
2016-10-03 12:07:14,644 [Worker-21] INFO  o.e.m.c.i.l.LifecycleMappingFactory - Using org.maven.ide.eclipse.wtp.WarLifecycleMapping lifecycle mapping for MavenProject: ro.dcmt:app:0.0.1-SNAPSHOT @ D:\DentistCabinetManagementTool\Git\DentalClinicManagementTool\app\pom.xml.
2016-10-03 12:07:14,906 [Worker-21] INFO  o.e.m.w.i.f.ResourceFilteringBuildParticipant - Changed resources require a complete clean of filtered resources of app
2016-10-03 12:07:14,906 [Worker-21] INFO  o.e.m.w.i.f.ResourceFilteringBuildParticipant - Executing resource filtering for app
2016-10-03 12:07:19,909 [Worker-22] INFO  o.e.m.c.i.l.LifecycleMappingFactory - Using org.maven.ide.eclipse.wtp.WarLifecycleMapping lifecycle mapping for MavenProject: ro.dcmt:app:0.0.1-SNAPSHOT @ D:\DentistCabinetManagementTool\Git\DentalClinicManagementTool\app\pom.xml.
2016-10-03 12:07:20,243 [Worker-22] WARN  o.e.m.c.i.embedder.EclipseLogger - Using platform encoding (Cp1252 actually) to copy filtered resources, i.e. build is platform dependent!
2016-10-03 12:07:20,249 [Worker-22] INFO  o.e.m.c.i.embedder.EclipseLogger - Copying 0 resource
2016-10-03 12:07:20,251 [Worker-22] WARN  o.e.m.c.i.embedder.EclipseLogger - Using platform encoding (Cp1252 actually) to copy filtered resources, i.e. build is platform dependent!
2016-10-03 12:07:20,256 [Worker-22] INFO  o.e.m.c.i.embedder.EclipseLogger - skip non existing resourceDirectory D:\DentistCabinetManagementTool\Git\DentalClinicManagementTool\app\src\test\resources
2016-10-03 12:07:20,256 [Worker-22] INFO  o.e.m.w.i.f.ResourceFilteringBuildParticipant - Changed resources require a complete clean of filtered resources of app
2016-10-03 12:07:20,256 [Worker-22] INFO  o.e.m.w.i.f.ResourceFilteringBuildParticipant - Executing resource filtering for app
2016-10-03 12:07:20,259 [Worker-22] WARN  o.e.m.c.i.embedder.EclipseLogger - Using platform encoding (Cp1252 actually) to copy filtered resources, i.e. build is platform dependent!
2016-10-03 12:07:21,351 [Worker-22] WARN  o.e.m.c.i.embedder.EclipseLogger - Using platform encoding (Cp1252 actually) to copy filtered resources, i.e. build is platform dependent!
2016-10-03 12:07:21,355 [Worker-22] INFO  o.e.m.c.i.embedder.EclipseLogger - Copying 0 resource
2016-10-03 12:07:21,356 [Worker-22] WARN  o.e.m.c.i.embedder.EclipseLogger - Using platform encoding (Cp1252 actually) to copy filtered resources, i.e. build is platform dependent!
2016-10-03 12:07:21,360 [Worker-22] INFO  o.e.m.c.i.embedder.EclipseLogger - skip non existing resourceDirectory D:\DentistCabinetManagementTool\Git\DentalClinicManagementTool\app\src\test\resources
2016-10-03 13:06:06,697 [main] INFO  o.e.m2e.actions.ExecutePomAction - Creating new launch configuration
2016-10-03 13:06:14,953 [Worker-43] INFO  o.e.m.i.launch.MavenLaunchDelegate - D:\DentistCabinetManagementTool\Git\DentalClinicManagementTool\app
2016-10-03 13:06:14,954 [Worker-43] INFO  o.e.m.i.launch.MavenLaunchDelegate -  mvn -B -Dmaven.test.skip=true -DskipTests clean install
2016-10-03 13:06:27,853 [Worker-45] WARN  o.e.m.c.i.embedder.EclipseLogger - Using platform encoding (Cp1252 actually) to copy filtered resources, i.e. build is platform dependent!
2016-10-03 13:06:27,858 [Worker-45] INFO  o.e.m.c.i.embedder.EclipseLogger - Copying 0 resource
2016-10-03 13:06:27,859 [Worker-45] WARN  o.e.m.c.i.embedder.EclipseLogger - Using platform encoding (Cp1252 actually) to copy filtered resources, i.e. build is platform dependent!
2016-10-03 13:06:27,863 [Worker-45] INFO  o.e.m.c.i.embedder.EclipseLogger - skip non existing resourceDirectory D:\DentistCabinetManagementTool\Git\DentalClinicManagementTool\app\src\test\resources
2016-10-03 13:06:27,863 [Worker-45] INFO  o.e.m.w.i.f.ResourceFilteringBuildParticipant - Changed resources require a complete clean of filtered resources of app
2016-10-03 13:06:27,863 [Worker-45] INFO  o.e.m.w.i.f.ResourceFilteringBuildParticipant - Executing resource filtering for app
2016-10-03 13:06:27,891 [Worker-45] WARN  o.e.m.c.i.embedder.EclipseLogger - Using platform encoding (Cp1252 actually) to copy filtered resources, i.e. build is platform dependent!
2016-10-03 13:06:59,825 [Worker-48] WARN  o.e.m.c.i.embedder.EclipseLogger - Using platform encoding (Cp1252 actually) to copy filtered resources, i.e. build is platform dependent!
2016-10-03 13:06:59,829 [Worker-48] INFO  o.e.m.c.i.embedder.EclipseLogger - Copying 0 resource
2016-10-03 13:06:59,831 [Worker-48] WARN  o.e.m.c.i.embedder.EclipseLogger - Using platform encoding (Cp1252 actually) to copy filtered resources, i.e. build is platform dependent!
2016-10-03 13:06:59,835 [Worker-48] INFO  o.e.m.c.i.embedder.EclipseLogger - skip non existing resourceDirectory D:\DentistCabinetManagementTool\Git\DentalClinicManagementTool\app\src\test\resources
2016-10-03 13:07:21,888 [Worker-45] INFO  o.e.m.c.i.p.ProjectConfigurationManager - Update started
2016-10-03 13:07:22,471 [Worker-45] INFO  o.e.m.c.i.l.LifecycleMappingFactory - Using org.maven.ide.eclipse.wtp.WarLifecycleMapping lifecycle mapping for MavenProject: ro.dcmt:app:0.0.1-SNAPSHOT @ D:\DentistCabinetManagementTool\Git\DentalClinicManagementTool\app\pom.xml.
2016-10-03 13:07:22,907 [Worker-45] INFO  o.e.m.j.i.AbstractJavaProjectConfigurator - Adding source folder /app/src/main/java
2016-10-03 13:07:22,907 [Worker-45] INFO  o.e.m.j.i.AbstractJavaProjectConfigurator - Adding resource folder /app/src/main/resources
2016-10-03 13:07:22,908 [Worker-45] INFO  o.e.m.j.i.AbstractJavaProjectConfigurator - Adding source folder /app/src/test/java
2016-10-03 13:07:23,833 [Worker-45] INFO  o.e.m.w.i.f.ResourceFilteringBuildParticipant - Cleaning filtered folder for app
2016-10-03 13:07:23,842 [Worker-45] INFO  o.e.m.c.i.p.ProjectConfigurationManager - Update completed: 1 sec
2016-10-03 13:07:24,173 [Worker-48] WARN  o.e.m.c.i.embedder.EclipseLogger - Using platform encoding (Cp1252 actually) to copy filtered resources, i.e. build is platform dependent!
2016-10-03 13:07:24,178 [Worker-48] INFO  o.e.m.c.i.embedder.EclipseLogger - Copying 0 resource
2016-10-03 13:07:24,179 [Worker-48] WARN  o.e.m.c.i.embedder.EclipseLogger - Using platform encoding (Cp1252 actually) to copy filtered resources, i.e. build is platform dependent!
2016-10-03 13:07:24,184 [Worker-48] INFO  o.e.m.c.i.embedder.EclipseLogger - skip non existing resourceDirectory D:\DentistCabinetManagementTool\Git\DentalClinicManagementTool\app\src\test\resources
2016-10-03 13:07:24,184 [Worker-48] INFO  o.e.m.w.i.f.ResourceFilteringBuildParticipant - Changed resources require a complete clean of filtered resources of app
2016-10-03 13:07:24,184 [Worker-48] INFO  o.e.m.w.i.f.ResourceFilteringBuildParticipant - Executing resource filtering for app
2016-10-03 13:07:24,187 [Worker-48] WARN  o.e.m.c.i.embedder.EclipseLogger - Using platform encoding (Cp1252 actually) to copy filtered resources, i.e. build is platform dependent!
2016-10-03 13:07:37,392 [Worker-48] INFO  o.e.m.c.i.l.LifecycleMappingFactory - Using org.maven.ide.eclipse.wtp.WarLifecycleMapping lifecycle mapping for MavenProject: ro.dcmt:app:0.0.1-SNAPSHOT @ D:\DentistCabinetManagementTool\Git\DentalClinicManagementTool\app\pom.xml.
2016-10-03 13:07:37,671 [Worker-48] WARN  o.e.m.c.i.embedder.EclipseLogger - Using platform encoding (Cp1252 actually) to copy filtered resources, i.e. build is platform dependent!
2016-10-03 13:07:37,677 [Worker-48] INFO  o.e.m.c.i.embedder.EclipseLogger - Copying 0 resource
2016-10-03 13:07:37,678 [Worker-48] WARN  o.e.m.c.i.embedder.EclipseLogger - Using platform encoding (Cp1252 actually) to copy filtered resources, i.e. build is platform dependent!
2016-10-03 13:07:37,684 [Worker-48] INFO  o.e.m.c.i.embedder.EclipseLogger - skip non existing resourceDirectory D:\DentistCabinetManagementTool\Git\DentalClinicManagementTool\app\src\test\resources
2016-10-03 13:07:37,684 [Worker-48] INFO  o.e.m.w.i.f.ResourceFilteringBuildParticipant - Changed resources require a complete clean of filtered resources of app
2016-10-03 13:07:37,684 [Worker-48] INFO  o.e.m.w.i.f.ResourceFilteringBuildParticipant - Executing resource filtering for app
2016-10-03 13:07:37,687 [Worker-48] WARN  o.e.m.c.i.embedder.EclipseLogger - Using platform encoding (Cp1252 actually) to copy filtered resources, i.e. build is platform dependent!
2016-10-03 13:08:33,064 [Worker-46] INFO  o.e.m.c.i.l.LifecycleMappingFactory - Using org.maven.ide.eclipse.wtp.WarLifecycleMapping lifecycle mapping for MavenProject: ro.dcmt:app:0.0.1-SNAPSHOT @ D:\DentistCabinetManagementTool\Git\DentalClinicManagementTool\app\pom.xml.
2016-10-03 13:08:33,492 [Worker-46] WARN  o.e.m.c.i.embedder.EclipseLogger - Using platform encoding (Cp1252 actually) to copy filtered resources, i.e. build is platform dependent!
2016-10-03 13:08:33,498 [Worker-46] INFO  o.e.m.c.i.embedder.EclipseLogger - Copying 0 resource
2016-10-03 13:08:33,500 [Worker-46] WARN  o.e.m.c.i.embedder.EclipseLogger - Using platform encoding (Cp1252 actually) to copy filtered resources, i.e. build is platform dependent!
2016-10-03 13:08:33,504 [Worker-46] INFO  o.e.m.c.i.embedder.EclipseLogger - skip non existing resourceDirectory D:\DentistCabinetManagementTool\Git\DentalClinicManagementTool\app\src\test\resources
2016-10-03 13:08:33,504 [Worker-46] INFO  o.e.m.w.i.f.ResourceFilteringBuildParticipant - Changed resources require a complete clean of filtered resources of app
2016-10-03 13:08:33,504 [Worker-46] INFO  o.e.m.w.i.f.ResourceFilteringBuildParticipant - Executing resource filtering for app
2016-10-03 13:08:33,508 [Worker-46] WARN  o.e.m.c.i.embedder.EclipseLogger - Using platform encoding (Cp1252 actually) to copy filtered resources, i.e. build is platform dependent!
2016-10-03 13:08:34,799 [Worker-47] WARN  o.e.m.c.i.embedder.EclipseLogger - Using platform encoding (Cp1252 actually) to copy filtered resources, i.e. build is platform dependent!
2016-10-03 13:08:34,804 [Worker-47] INFO  o.e.m.c.i.embedder.EclipseLogger - Copying 0 resource
2016-10-03 13:08:34,806 [Worker-47] WARN  o.e.m.c.i.embedder.EclipseLogger - Using platform encoding (Cp1252 actually) to copy filtered resources, i.e. build is platform dependent!
2016-10-03 13:08:34,810 [Worker-47] INFO  o.e.m.c.i.embedder.EclipseLogger - skip non existing resourceDirectory D:\DentistCabinetManagementTool\Git\DentalClinicManagementTool\app\src\test\resources
2016-10-03 13:09:22,035 [Worker-49] INFO  o.e.m.c.i.l.LifecycleMappingFactory - Using org.maven.ide.eclipse.wtp.WarLifecycleMapping lifecycle mapping for MavenProject: ro.dcmt:app:0.0.1-SNAPSHOT @ D:\DentistCabinetManagementTool\Git\DentalClinicManagementTool\app\pom.xml.
2016-10-03 13:09:22,476 [Worker-49] INFO  o.e.m.c.i.e.AbstractTransferListenerAdapter - Downloaded https://repo.maven.apache.org/maven2/com/google/guava/guava/20.0-hal/guava-20.0-hal.pom
2016-10-03 13:09:22,483 [Worker-49] WARN  o.e.m.c.i.embedder.EclipseLogger - The POM for com.google.guava:guava:jar:20.0-hal is missing, no dependency information available
2016-10-03 13:09:22,730 [Worker-49] INFO  o.e.m.c.i.e.AbstractTransferListenerAdapter - Downloaded https://repo.maven.apache.org/maven2/com/google/guava/guava/20.0-hal/guava-20.0-hal.jar
2016-10-03 13:09:22,743 [Worker-49] WARN  o.e.m.c.i.embedder.EclipseLogger - The POM for com.google.guava:guava:jar:20.0-hal is missing, no dependency information available
2016-10-03 13:09:23,061 [Worker-49] WARN  o.e.m.c.i.embedder.EclipseLogger - Using platform encoding (Cp1252 actually) to copy filtered resources, i.e. build is platform dependent!
2016-10-03 13:09:23,066 [Worker-49] INFO  o.e.m.c.i.embedder.EclipseLogger - Copying 0 resource
2016-10-03 13:09:23,067 [Worker-49] WARN  o.e.m.c.i.embedder.EclipseLogger - Using platform encoding (Cp1252 actually) to copy filtered resources, i.e. build is platform dependent!
2016-10-03 13:09:23,072 [Worker-49] INFO  o.e.m.c.i.embedder.EclipseLogger - skip non existing resourceDirectory D:\DentistCabinetManagementTool\Git\DentalClinicManagementTool\app\src\test\resources
2016-10-03 13:09:23,073 [Worker-49] INFO  o.e.m.w.i.f.ResourceFilteringBuildParticipant - Changed resources require a complete clean of filtered resources of app
2016-10-03 13:09:23,073 [Worker-49] INFO  o.e.m.w.i.f.ResourceFilteringBuildParticipant - Executing resource filtering for app
2016-10-03 13:09:23,076 [Worker-49] WARN  o.e.m.c.i.embedder.EclipseLogger - Using platform encoding (Cp1252 actually) to copy filtered resources, i.e. build is platform dependent!
2016-10-03 13:09:23,201 [Worker-47] WARN  o.e.m.c.i.embedder.EclipseLogger - The POM for com.google.guava:guava:jar:20.0-hal is missing, no dependency information available
2016-10-03 13:09:24,501 [Worker-46] INFO  o.e.m.c.i.l.LifecycleMappingFactory - Using org.maven.ide.eclipse.wtp.WarLifecycleMapping lifecycle mapping for MavenProject: ro.dcmt:app:0.0.1-SNAPSHOT @ D:\DentistCabinetManagementTool\Git\DentalClinicManagementTool\app\pom.xml.
2016-10-03 13:09:24,504 [Worker-46] WARN  o.e.m.c.i.embedder.EclipseLogger - The POM for com.google.guava:guava:jar:20.0-hal is missing, no dependency information available
2016-10-03 13:09:24,520 [Worker-46] WARN  o.e.m.c.i.embedder.EclipseLogger - The POM for com.google.guava:guava:jar:20.0-hal is missing, no dependency information available
2016-10-03 13:09:24,813 [Worker-46] WARN  o.e.m.c.i.embedder.EclipseLogger - Using platform encoding (Cp1252 actually) to copy filtered resources, i.e. build is platform dependent!
2016-10-03 13:09:24,818 [Worker-46] INFO  o.e.m.c.i.embedder.EclipseLogger - Copying 0 resource
2016-10-03 13:09:24,819 [Worker-46] WARN  o.e.m.c.i.embedder.EclipseLogger - Using platform encoding (Cp1252 actually) to copy filtered resources, i.e. build is platform dependent!
2016-10-03 13:09:24,823 [Worker-46] INFO  o.e.m.c.i.embedder.EclipseLogger - skip non existing resourceDirectory D:\DentistCabinetManagementTool\Git\DentalClinicManagementTool\app\src\test\resources
2016-10-03 13:09:24,823 [Worker-46] INFO  o.e.m.w.i.f.ResourceFilteringBuildParticipant - Changed resources require a complete clean of filtered resources of app
2016-10-03 13:09:24,824 [Worker-46] INFO  o.e.m.w.i.f.ResourceFilteringBuildParticipant - Executing resource filtering for app
2016-10-03 13:09:24,828 [Worker-46] WARN  o.e.m.c.i.embedder.EclipseLogger - Using platform encoding (Cp1252 actually) to copy filtered resources, i.e. build is platform dependent!
2016-10-03 13:09:35,963 [Worker-45] WARN  o.e.m.c.i.embedder.EclipseLogger - The POM for com.google.guava:guava:jar:20.0-hal is missing, no dependency information available
2016-10-03 13:09:36,342 [Worker-48] INFO  o.e.m.c.i.l.LifecycleMappingFactory - Using org.maven.ide.eclipse.wtp.WarLifecycleMapping lifecycle mapping for MavenProject: ro.dcmt:app:0.0.1-SNAPSHOT @ D:\DentistCabinetManagementTool\Git\DentalClinicManagementTool\app\pom.xml.
2016-10-03 13:09:36,346 [Worker-48] WARN  o.e.m.c.i.embedder.EclipseLogger - The POM for com.google.guava:guava:jar:20.0-hal is missing, no dependency information available
2016-10-03 13:09:36,364 [Worker-48] WARN  o.e.m.c.i.embedder.EclipseLogger - The POM for com.google.guava:guava:jar:20.0-hal is missing, no dependency information available
2016-10-03 13:09:36,692 [Worker-48] WARN  o.e.m.c.i.embedder.EclipseLogger - Using platform encoding (Cp1252 actually) to copy filtered resources, i.e. build is platform dependent!
2016-10-03 13:09:36,698 [Worker-48] INFO  o.e.m.c.i.embedder.EclipseLogger - Copying 0 resource
2016-10-03 13:09:36,699 [Worker-48] WARN  o.e.m.c.i.embedder.EclipseLogger - Using platform encoding (Cp1252 actually) to copy filtered resources, i.e. build is platform dependent!
2016-10-03 13:09:36,704 [Worker-48] INFO  o.e.m.c.i.embedder.EclipseLogger - skip non existing resourceDirectory D:\DentistCabinetManagementTool\Git\DentalClinicManagementTool\app\src\test\resources
2016-10-03 13:09:36,704 [Worker-48] INFO  o.e.m.w.i.f.ResourceFilteringBuildParticipant - Changed resources require a complete clean of filtered resources of app
2016-10-03 13:09:36,704 [Worker-48] INFO  o.e.m.w.i.f.ResourceFilteringBuildParticipant - Executing resource filtering for app
2016-10-03 13:09:36,707 [Worker-48] WARN  o.e.m.c.i.embedder.EclipseLogger - Using platform encoding (Cp1252 actually) to copy filtered resources, i.e. build is platform dependent!
2016-10-03 13:09:37,823 [Worker-46] WARN  o.e.m.c.i.embedder.EclipseLogger - The POM for com.google.guava:guava:jar:20.0-hal is missing, no dependency information available
2016-10-03 13:09:37,937 [Worker-46] WARN  o.e.m.c.i.embedder.EclipseLogger - Using platform encoding (Cp1252 actually) to copy filtered resources, i.e. build is platform dependent!
2016-10-03 13:09:37,943 [Worker-46] INFO  o.e.m.c.i.embedder.EclipseLogger - Copying 0 resource
2016-10-03 13:09:37,944 [Worker-46] WARN  o.e.m.c.i.embedder.EclipseLogger - Using platform encoding (Cp1252 actually) to copy filtered resources, i.e. build is platform dependent!
2016-10-03 13:09:37,949 [Worker-46] INFO  o.e.m.c.i.embedder.EclipseLogger - skip non existing resourceDirectory D:\DentistCabinetManagementTool\Git\DentalClinicManagementTool\app\src\test\resources
2016-10-03 13:09:50,153 [Worker-49] INFO  o.e.m.c.i.l.LifecycleMappingFactory - Using org.maven.ide.eclipse.wtp.WarLifecycleMapping lifecycle mapping for MavenProject: ro.dcmt:app:0.0.1-SNAPSHOT @ D:\DentistCabinetManagementTool\Git\DentalClinicManagementTool\app\pom.xml.
2016-10-03 13:09:50,436 [Worker-49] WARN  o.e.m.c.i.embedder.EclipseLogger - Using platform encoding (Cp1252 actually) to copy filtered resources, i.e. build is platform dependent!
2016-10-03 13:09:50,441 [Worker-49] INFO  o.e.m.c.i.embedder.EclipseLogger - Copying 0 resource
2016-10-03 13:09:50,442 [Worker-49] WARN  o.e.m.c.i.embedder.EclipseLogger - Using platform encoding (Cp1252 actually) to copy filtered resources, i.e. build is platform dependent!
2016-10-03 13:09:50,446 [Worker-49] INFO  o.e.m.c.i.embedder.EclipseLogger - skip non existing resourceDirectory D:\DentistCabinetManagementTool\Git\DentalClinicManagementTool\app\src\test\resources
2016-10-03 13:09:50,446 [Worker-49] INFO  o.e.m.w.i.f.ResourceFilteringBuildParticipant - Changed resources require a complete clean of filtered resources of app
2016-10-03 13:09:50,446 [Worker-49] INFO  o.e.m.w.i.f.ResourceFilteringBuildParticipant - Executing resource filtering for app
2016-10-03 13:09:50,448 [Worker-49] WARN  o.e.m.c.i.embedder.EclipseLogger - Using platform encoding (Cp1252 actually) to copy filtered resources, i.e. build is platform dependent!
2016-10-03 13:09:51,931 [Worker-46] INFO  o.e.m.c.i.l.LifecycleMappingFactory - Using org.maven.ide.eclipse.wtp.WarLifecycleMapping lifecycle mapping for MavenProject: ro.dcmt:app:0.0.1-SNAPSHOT @ D:\DentistCabinetManagementTool\Git\DentalClinicManagementTool\app\pom.xml.
2016-10-03 13:09:52,234 [Worker-46] WARN  o.e.m.c.i.embedder.EclipseLogger - Using platform encoding (Cp1252 actually) to copy filtered resources, i.e. build is platform dependent!
2016-10-03 13:09:52,239 [Worker-46] INFO  o.e.m.c.i.embedder.EclipseLogger - Copying 0 resource
2016-10-03 13:09:52,240 [Worker-46] WARN  o.e.m.c.i.embedder.EclipseLogger - Using platform encoding (Cp1252 actually) to copy filtered resources, i.e. build is platform dependent!
2016-10-03 13:09:52,244 [Worker-46] INFO  o.e.m.c.i.embedder.EclipseLogger - skip non existing resourceDirectory D:\DentistCabinetManagementTool\Git\DentalClinicManagementTool\app\src\test\resources
2016-10-03 13:09:52,244 [Worker-46] INFO  o.e.m.w.i.f.ResourceFilteringBuildParticipant - Changed resources require a complete clean of filtered resources of app
2016-10-03 13:09:52,244 [Worker-46] INFO  o.e.m.w.i.f.ResourceFilteringBuildParticipant - Executing resource filtering for app
2016-10-03 13:09:52,246 [Worker-46] WARN  o.e.m.c.i.embedder.EclipseLogger - Using platform encoding (Cp1252 actually) to copy filtered resources, i.e. build is platform dependent!
2016-10-03 13:10:18,565 [Worker-52] INFO  o.e.m.c.i.l.LifecycleMappingFactory - Using org.maven.ide.eclipse.wtp.WarLifecycleMapping lifecycle mapping for MavenProject: ro.dcmt:app:0.0.1-SNAPSHOT @ D:\DentistCabinetManagementTool\Git\DentalClinicManagementTool\app\pom.xml.
2016-10-03 13:10:18,952 [Worker-52] WARN  o.e.m.c.i.embedder.EclipseLogger - Using platform encoding (Cp1252 actually) to copy filtered resources, i.e. build is platform dependent!
2016-10-03 13:10:18,958 [Worker-52] INFO  o.e.m.c.i.embedder.EclipseLogger - Copying 0 resource
2016-10-03 13:10:18,959 [Worker-52] WARN  o.e.m.c.i.embedder.EclipseLogger - Using platform encoding (Cp1252 actually) to copy filtered resources, i.e. build is platform dependent!
2016-10-03 13:10:18,963 [Worker-52] INFO  o.e.m.c.i.embedder.EclipseLogger - skip non existing resourceDirectory D:\DentistCabinetManagementTool\Git\DentalClinicManagementTool\app\src\test\resources
2016-10-03 13:10:18,963 [Worker-52] INFO  o.e.m.w.i.f.ResourceFilteringBuildParticipant - Changed resources require a complete clean of filtered resources of app
2016-10-03 13:10:18,963 [Worker-52] INFO  o.e.m.w.i.f.ResourceFilteringBuildParticipant - Executing resource filtering for app
2016-10-03 13:10:18,966 [Worker-52] WARN  o.e.m.c.i.embedder.EclipseLogger - Using platform encoding (Cp1252 actually) to copy filtered resources, i.e. build is platform dependent!
2016-10-03 13:10:20,361 [Worker-43] INFO  o.e.m.c.i.l.LifecycleMappingFactory - Using org.maven.ide.eclipse.wtp.WarLifecycleMapping lifecycle mapping for MavenProject: ro.dcmt:app:0.0.1-SNAPSHOT @ D:\DentistCabinetManagementTool\Git\DentalClinicManagementTool\app\pom.xml.
2016-10-03 13:10:20,715 [Worker-43] WARN  o.e.m.c.i.embedder.EclipseLogger - Using platform encoding (Cp1252 actually) to copy filtered resources, i.e. build is platform dependent!
2016-10-03 13:10:20,722 [Worker-43] INFO  o.e.m.c.i.embedder.EclipseLogger - Copying 0 resource
2016-10-03 13:10:20,724 [Worker-43] WARN  o.e.m.c.i.embedder.EclipseLogger - Using platform encoding (Cp1252 actually) to copy filtered resources, i.e. build is platform dependent!
2016-10-03 13:10:20,728 [Worker-43] INFO  o.e.m.c.i.embedder.EclipseLogger - skip non existing resourceDirectory D:\DentistCabinetManagementTool\Git\DentalClinicManagementTool\app\src\test\resources
2016-10-03 13:10:20,728 [Worker-43] INFO  o.e.m.w.i.f.ResourceFilteringBuildParticipant - Changed resources require a complete clean of filtered resources of app
2016-10-03 13:10:20,728 [Worker-43] INFO  o.e.m.w.i.f.ResourceFilteringBuildParticipant - Executing resource filtering for app
2016-10-03 13:10:20,732 [Worker-43] WARN  o.e.m.c.i.embedder.EclipseLogger - Using platform encoding (Cp1252 actually) to copy filtered resources, i.e. build is platform dependent!
2016-10-03 13:10:49,672 [Worker-50] INFO  o.e.m.c.i.l.LifecycleMappingFactory - Using org.maven.ide.eclipse.wtp.WarLifecycleMapping lifecycle mapping for MavenProject: ro.dcmt:app:0.0.1-SNAPSHOT @ D:\DentistCabinetManagementTool\Git\DentalClinicManagementTool\app\pom.xml.
2016-10-03 13:10:49,695 [Worker-46] INFO  o.e.m.c.i.e.AbstractTransferListenerAdapter - Downloading https://repo.maven.apache.org/maven2/com/sun/mail/javax.mail/1.5.6/javax.mail-1.5.6.pom
2016-10-03 13:10:49,773 [Worker-46] INFO  o.e.m.c.i.e.AbstractTransferListenerAdapter - Downloaded https://repo.maven.apache.org/maven2/com/sun/mail/javax.mail/1.5.6/javax.mail-1.5.6.pom
2016-10-03 13:10:49,841 [Worker-46] INFO  o.e.m.c.i.e.AbstractTransferListenerAdapter - Downloading https://repo.maven.apache.org/maven2/com/sun/mail/all/1.5.6/all-1.5.6.pom
2016-10-03 13:10:49,940 [Worker-50] INFO  o.e.m.c.i.e.AbstractTransferListenerAdapter - Downloading https://repo.maven.apache.org/maven2/com/sun/mail/javax.mail/1.5.6/javax.mail-1.5.6.pom
2016-10-03 13:10:49,971 [Worker-46] INFO  o.e.m.c.i.e.AbstractTransferListenerAdapter - Downloaded https://repo.maven.apache.org/maven2/com/sun/mail/all/1.5.6/all-1.5.6.pom
2016-10-03 13:10:50,009 [Worker-50] INFO  o.e.m.c.i.e.AbstractTransferListenerAdapter - Downloaded https://repo.maven.apache.org/maven2/com/sun/mail/javax.mail/1.5.6/javax.mail-1.5.6.pom
2016-10-03 13:10:50,110 [Worker-46] INFO  o.e.m.c.i.e.AbstractTransferListenerAdapter - Downloading https://repo.maven.apache.org/maven2/com/sun/mail/javax.mail/1.5.6/javax.mail-1.5.6.jar
2016-10-03 13:10:50,110 [Worker-50] INFO  o.e.m.c.i.e.AbstractTransferListenerAdapter - Downloading https://repo.maven.apache.org/maven2/com/sun/mail/javax.mail/1.5.6/javax.mail-1.5.6.jar
2016-10-03 13:10:51,025 [Worker-46] INFO  o.e.m.c.i.e.AbstractTransferListenerAdapter - Downloaded https://repo.maven.apache.org/maven2/com/sun/mail/javax.mail/1.5.6/javax.mail-1.5.6.jar
2016-10-03 13:10:51,475 [Worker-50] INFO  o.e.m.c.i.e.AbstractTransferListenerAdapter - Downloaded https://repo.maven.apache.org/maven2/com/sun/mail/javax.mail/1.5.6/javax.mail-1.5.6.jar
2016-10-03 13:10:51,886 [Worker-50] WARN  o.e.m.c.i.embedder.EclipseLogger - Using platform encoding (Cp1252 actually) to copy filtered resources, i.e. build is platform dependent!
2016-10-03 13:10:51,891 [Worker-50] INFO  o.e.m.c.i.embedder.EclipseLogger - Copying 0 resource
2016-10-03 13:10:51,893 [Worker-50] WARN  o.e.m.c.i.embedder.EclipseLogger - Using platform encoding (Cp1252 actually) to copy filtered resources, i.e. build is platform dependent!
2016-10-03 13:10:51,896 [Worker-50] INFO  o.e.m.c.i.embedder.EclipseLogger - skip non existing resourceDirectory D:\DentistCabinetManagementTool\Git\DentalClinicManagementTool\app\src\test\resources
2016-10-03 13:10:51,897 [Worker-50] INFO  o.e.m.w.i.f.ResourceFilteringBuildParticipant - Changed resources require a complete clean of filtered resources of app
2016-10-03 13:10:51,897 [Worker-50] INFO  o.e.m.w.i.f.ResourceFilteringBuildParticipant - Executing resource filtering for app
2016-10-03 13:10:51,899 [Worker-50] WARN  o.e.m.c.i.embedder.EclipseLogger - Using platform encoding (Cp1252 actually) to copy filtered resources, i.e. build is platform dependent!
2016-10-03 13:10:53,256 [Worker-49] WARN  o.e.m.c.i.embedder.EclipseLogger - Using platform encoding (Cp1252 actually) to copy filtered resources, i.e. build is platform dependent!
2016-10-03 13:10:53,262 [Worker-49] INFO  o.e.m.c.i.embedder.EclipseLogger - Copying 0 resource
2016-10-03 13:10:53,264 [Worker-49] WARN  o.e.m.c.i.embedder.EclipseLogger - Using platform encoding (Cp1252 actually) to copy filtered resources, i.e. build is platform dependent!
2016-10-03 13:10:53,269 [Worker-49] INFO  o.e.m.c.i.embedder.EclipseLogger - skip non existing resourceDirectory D:\DentistCabinetManagementTool\Git\DentalClinicManagementTool\app\src\test\resources
2016-10-03 13:11:31,970 [Worker-47] INFO  o.e.m.c.i.l.LifecycleMappingFactory - Using org.maven.ide.eclipse.wtp.WarLifecycleMapping lifecycle mapping for MavenProject: ro.dcmt:app:0.0.1-SNAPSHOT @ D:\DentistCabinetManagementTool\Git\DentalClinicManagementTool\app\pom.xml.
2016-10-03 13:11:32,577 [Worker-47] WARN  o.e.m.c.i.embedder.EclipseLogger - Using platform encoding (Cp1252 actually) to copy filtered resources, i.e. build is platform dependent!
2016-10-03 13:11:32,583 [Worker-47] INFO  o.e.m.c.i.embedder.EclipseLogger - Copying 0 resource
2016-10-03 13:11:32,584 [Worker-47] WARN  o.e.m.c.i.embedder.EclipseLogger - Using platform encoding (Cp1252 actually) to copy filtered resources, i.e. build is platform dependent!
2016-10-03 13:11:32,589 [Worker-47] INFO  o.e.m.c.i.embedder.EclipseLogger - skip non existing resourceDirectory D:\DentistCabinetManagementTool\Git\DentalClinicManagementTool\app\src\test\resources
2016-10-03 13:11:32,590 [Worker-47] INFO  o.e.m.w.i.f.ResourceFilteringBuildParticipant - Changed resources require a complete clean of filtered resources of app
2016-10-03 13:11:32,590 [Worker-47] INFO  o.e.m.w.i.f.ResourceFilteringBuildParticipant - Executing resource filtering for app
2016-10-03 13:11:32,592 [Worker-47] WARN  o.e.m.c.i.embedder.EclipseLogger - Using platform encoding (Cp1252 actually) to copy filtered resources, i.e. build is platform dependent!
2016-10-03 13:11:33,913 [Worker-51] WARN  o.e.m.c.i.embedder.EclipseLogger - Using platform encoding (Cp1252 actually) to copy filtered resources, i.e. build is platform dependent!
2016-10-03 13:11:33,920 [Worker-51] INFO  o.e.m.c.i.embedder.EclipseLogger - Copying 0 resource
2016-10-03 13:11:33,925 [Worker-51] WARN  o.e.m.c.i.embedder.EclipseLogger - Using platform encoding (Cp1252 actually) to copy filtered resources, i.e. build is platform dependent!
2016-10-03 13:11:33,932 [Worker-51] INFO  o.e.m.c.i.embedder.EclipseLogger - skip non existing resourceDirectory D:\DentistCabinetManagementTool\Git\DentalClinicManagementTool\app\src\test\resources
2016-10-03 13:11:48,999 [Worker-43] INFO  o.e.m.c.i.l.LifecycleMappingFactory - Using org.maven.ide.eclipse.wtp.WarLifecycleMapping lifecycle mapping for MavenProject: ro.dcmt:app:0.0.1-SNAPSHOT @ D:\DentistCabinetManagementTool\Git\DentalClinicManagementTool\app\pom.xml.
2016-10-03 13:11:49,356 [Worker-43] INFO  o.e.m.c.i.e.AbstractTransferListenerAdapter - Downloading https://repo.maven.apache.org/maven2/joda-time/joda-time/2.9.4/joda-time-2.9.4.pom
2016-10-03 13:11:49,466 [Worker-43] INFO  o.e.m.c.i.e.AbstractTransferListenerAdapter - Downloaded https://repo.maven.apache.org/maven2/joda-time/joda-time/2.9.4/joda-time-2.9.4.pom
2016-10-03 13:11:49,531 [Worker-43] INFO  o.e.m.c.i.e.AbstractTransferListenerAdapter - Downloading https://repo.maven.apache.org/maven2/joda-time/joda-time/2.9.4/joda-time-2.9.4.jar
2016-10-03 13:11:50,728 [Worker-43] INFO  o.e.m.c.i.e.AbstractTransferListenerAdapter - Downloaded https://repo.maven.apache.org/maven2/joda-time/joda-time/2.9.4/joda-time-2.9.4.jar
2016-10-03 13:11:51,174 [Worker-43] WARN  o.e.m.c.i.embedder.EclipseLogger - Using platform encoding (Cp1252 actually) to copy filtered resources, i.e. build is platform dependent!
2016-10-03 13:11:51,181 [Worker-43] INFO  o.e.m.c.i.embedder.EclipseLogger - Copying 0 resource
2016-10-03 13:11:51,183 [Worker-43] WARN  o.e.m.c.i.embedder.EclipseLogger - Using platform encoding (Cp1252 actually) to copy filtered resources, i.e. build is platform dependent!
2016-10-03 13:11:51,189 [Worker-43] INFO  o.e.m.c.i.embedder.EclipseLogger - skip non existing resourceDirectory D:\DentistCabinetManagementTool\Git\DentalClinicManagementTool\app\src\test\resources
2016-10-03 13:11:51,189 [Worker-43] INFO  o.e.m.w.i.f.ResourceFilteringBuildParticipant - Changed resources require a complete clean of filtered resources of app
2016-10-03 13:11:51,189 [Worker-43] INFO  o.e.m.w.i.f.ResourceFilteringBuildParticipant - Executing resource filtering for app
2016-10-03 13:11:51,192 [Worker-43] WARN  o.e.m.c.i.embedder.EclipseLogger - Using platform encoding (Cp1252 actually) to copy filtered resources, i.e. build is platform dependent!
2016-10-03 13:11:52,507 [Worker-52] WARN  o.e.m.c.i.embedder.EclipseLogger - Using platform encoding (Cp1252 actually) to copy filtered resources, i.e. build is platform dependent!
2016-10-03 13:11:52,514 [Worker-52] INFO  o.e.m.c.i.embedder.EclipseLogger - Copying 0 resource
2016-10-03 13:11:52,517 [Worker-52] WARN  o.e.m.c.i.embedder.EclipseLogger - Using platform encoding (Cp1252 actually) to copy filtered resources, i.e. build is platform dependent!
2016-10-03 13:11:52,522 [Worker-52] INFO  o.e.m.c.i.embedder.EclipseLogger - skip non existing resourceDirectory D:\DentistCabinetManagementTool\Git\DentalClinicManagementTool\app\src\test\resources
2016-10-03 13:13:55,133 [Worker-49] WARN  o.e.m.c.i.embedder.EclipseLogger - Using platform encoding (Cp1252 actually) to copy filtered resources, i.e. build is platform dependent!
2016-10-03 13:13:55,139 [Worker-49] INFO  o.e.m.c.i.embedder.EclipseLogger - Copying 0 resource
2016-10-03 13:13:55,141 [Worker-49] WARN  o.e.m.c.i.embedder.EclipseLogger - Using platform encoding (Cp1252 actually) to copy filtered resources, i.e. build is platform dependent!
2016-10-03 13:13:55,145 [Worker-49] INFO  o.e.m.c.i.embedder.EclipseLogger - skip non existing resourceDirectory D:\DentistCabinetManagementTool\Git\DentalClinicManagementTool\app\src\test\resources
2016-10-03 13:14:22,757 [Worker-50] WARN  o.e.m.c.i.embedder.EclipseLogger - Using platform encoding (Cp1252 actually) to copy filtered resources, i.e. build is platform dependent!
2016-10-03 13:14:22,760 [Worker-50] INFO  o.e.m.c.i.embedder.EclipseLogger - Copying 0 resource
2016-10-03 13:14:22,762 [Worker-50] WARN  o.e.m.c.i.embedder.EclipseLogger - Using platform encoding (Cp1252 actually) to copy filtered resources, i.e. build is platform dependent!
2016-10-03 13:14:22,766 [Worker-50] INFO  o.e.m.c.i.embedder.EclipseLogger - skip non existing resourceDirectory D:\DentistCabinetManagementTool\Git\DentalClinicManagementTool\app\src\test\resources
